# JRE version: Java(TM) SE Runtime Environment (12.0.1+12) (build 12.0.1+12)
# Java VM: Java HotSpot(TM) 64-Bit Server VM (12.0.1+12, mixed mode, sharing, tiered, compressed oops, g1 gc, windows-amd64)
Heap:
 garbage-first heap   total 157696K, used 36738K [0x0000000081c00000, 0x0000000100000000)
  region size 1024K, 5 young (5120K), 5 survivors (5120K)
 Metaspace       used 14010K, capacity 15052K, committed 15104K, reserved 1062912K
  class space    used 1537K, capacity 1746K, committed 1792K, reserved 1048576K
GC Heap History (10 events):
Event: 3.331 GC heap after
{Heap after GC invocations=3 (full 0):
 garbage-first heap   total 131072K, used 5135K [0x0000000081c00000, 0x0000000100000000)
  region size 1024K, 2 young (2048K), 2 survivors (2048K)
 Metaspace       used 9085K, capacity 11116K, committed 11392K, reserved 1058816K
  class space    used 1116K, capacity 1363K, committed 1408K, reserved 1048576K
}
Event: 4.266 GC heap before
{Heap before GC invocations=3 (full 0):
 garbage-first heap   total 131072K, used 59407K [0x0000000081c00000, 0x0000000100000000)
  region size 1024K, 55 young (56320K), 2 survivors (2048K)
 Metaspace       used 12787K, capacity 14030K, committed 14336K, reserved 1062912K
  class space    used 1493K, capacity 1705K, committed 1792K, reserved 1048576K
}
Event: 4.280 GC heap after
{Heap after GC invocations=4 (full 0):
 garbage-first heap   total 131072K, used 16384K [0x0000000081c00000, 0x0000000100000000)
  region size 1024K, 7 young (7168K), 7 survivors (7168K)
 Metaspace       used 12787K, capacity 14030K, committed 14336K, reserved 1062912K
  class space    used 1493K, capacity 1705K, committed 1792K, reserved 1048576K
}
Event: 4.404 GC heap before
{Heap before GC invocations=4 (full 0):
 garbage-first heap   total 131072K, used 32768K [0x0000000081c00000, 0x0000000100000000)
  region size 1024K, 23 young (23552K), 7 survivors (7168K)
 Metaspace       used 12929K, capacity 14097K, committed 14336K, reserved 1062912K
  class space    used 1494K, capacity 1706K, committed 1792K, reserved 1048576K
}
Event: 4.414 GC heap after
{Heap after GC invocations=5 (full 0):
 garbage-first heap   total 131072K, used 19014K [0x0000000081c00000, 0x0000000100000000)
  region size 1024K, 3 young (3072K), 3 survivors (3072K)
 Metaspace       used 12929K, capacity 14097K, committed 14336K, reserved 1062912K
  class space    used 1494K, capacity 1706K, committed 1792K, reserved 1048576K
}
Event: 4.775 GC heap before
{Heap before GC invocations=5 (full 0):
 garbage-first heap   total 131072K, used 62022K [0x0000000081c00000, 0x0000000100000000)
  region size 1024K, 45 young (46080K), 3 survivors (3072K)
 Metaspace       used 13086K, capacity 14236K, committed 14336K, reserved 1062912K
  class space    used 1497K, capacity 1709K, committed 1792K, reserved 1048576K
}
Event: 4.784 GC heap after
{Heap after GC invocations=6 (full 0):
 garbage-first heap   total 131072K, used 25600K [0x0000000081c00000, 0x0000000100000000)
  region size 1024K, 6 young (6144K), 6 survivors (6144K)
 Metaspace       used 13086K, capacity 14236K, committed 14336K, reserved 1062912K
  class space    used 1497K, capacity 1709K, committed 1792K, reserved 1048576K
}
Event: 5.999 GC heap before
{Heap before GC invocations=6 (full 0):
 garbage-first heap   total 131072K, used 70656K [0x0000000081c00000, 0x0000000100000000)
  region size 1024K, 50 young (51200K), 6 survivors (6144K)
 Metaspace       used 13813K, capacity 14850K, committed 15104K, reserved 1062912K
  class space    used 1535K, capacity 1743K, committed 1792K, reserved 1048576K
}
Event: 6.010 GC heap after
{Heap after GC invocations=7 (full 0):
 garbage-first heap   total 131072K, used 31483K [0x0000000081c00000, 0x0000000100000000)
  region size 1024K, 7 young (7168K), 7 survivors (7168K)
 Metaspace       used 13813K, capacity 14850K, committed 15104K, reserved 1062912K
  class space    used 1535K, capacity 1743K, committed 1792K, reserved 1048576K
}
Event: 7.095 GC heap before
{Heap before GC invocations=7 (full 0):
 garbage-first heap   total 131072K, used 77563K [0x0000000081c00000, 0x0000000100000000)
  region size 1024K, 52 young (53248K), 7 survivors (7168K)
 Metaspace       used 14010K, capacity 15052K, committed 15104K, reserved 1062912K
  class space    used 1537K, capacity 1746K, committed 1792K, reserved 1048576K
}

